<?xml version="1.0" encoding="UTF-8"?>
<!-- Generated by org.testng.reporters.JUnitReportReporter -->
<testsuite hostname="DESKTOP-GJ9BB5T" failures="0" tests="4" name="build001.OrangeHrm_Rrecruitment" time="69.574" errors="0" timestamp="2024-10-29T17:36:30 IST" skipped="0">
  <testcase classname="build001.OrangeHrm_Rrecruitment" name="jobtitle" time="22.440"/>
  <testcase classname="build001.OrangeHrm_Rrecruitment" name="paygrades" time="24.734"/>
  <testcase classname="build001.OrangeHrm_Rrecruitment" name="Employ_Status" time="9.661"/>
  <testcase classname="build001.OrangeHrm_Rrecruitment" name="Job_Categories" time="12.739"/>
</testsuite> <!-- build001.OrangeHrm_Rrecruitment -->
