<?xml version="1.0" encoding="UTF-8"?>
<!-- Generated by org.testng.reporters.JUnitReportReporter -->
<testsuite hostname="DESKTOP-GJ9BB5T" failures="0" tests="6" name="build001.OrangeHrm" time="221.409" errors="0" timestamp="2024-10-31T13:48:34 IST" skipped="0">
  <testcase classname="build001.OrangeHrm" name="jobtitle" time="22.522"/>
  <testcase classname="build001.OrangeHrm" name="paygrades" time="32.044"/>
  <testcase classname="build001.OrangeHrm" name="Employ_Status" time="12.680"/>
  <testcase classname="build001.OrangeHrm" name="Job_Categories" time="10.861"/>
  <testcase classname="build001.OrangeHrm" name="Add_Employee" time="117.661"/>
  <testcase classname="build001.OrangeHrm" name="Work_Shift" time="25.641"/>
</testsuite> <!-- build001.OrangeHrm -->
